2021-09-26 12:25:57 INFO  Benchmark_Timer - Begin run: testWaitPeriods with 2 runs
2021-09-26 14:59:03 DEBUG Config - Config.get(helper, instrument) = true
2021-09-26 14:59:03 DEBUG Config - Config.get(helper, seed) = 0
2021-09-26 14:59:03 DEBUG Config - Config.get(instrumenting, copies) = true
2021-09-26 14:59:03 DEBUG Config - Config.get(instrumenting, swaps) = true
2021-09-26 14:59:03 DEBUG Config - Config.get(instrumenting, compares) = true
2021-09-26 14:59:03 DEBUG Config - Config.get(instrumenting, inversions) = 1
2021-09-26 14:59:03 DEBUG Config - Config.get(instrumenting, fixes) = true
2021-09-26 14:59:03 DEBUG Config - Config.get(instrumenting, hits) = true
2021-09-26 14:59:03 DEBUG Config - Config.get(helper, cutoff) = 
2021-09-26 16:22:34 DEBUG Config - Config.get(sortbenchmark, version) = 1.0.0 (sortbenchmark)
2021-09-26 16:22:34 INFO  SortBenchmark - SortBenchmark.main: 1.0.0 (sortbenchmark) with word counts: []
2021-09-26 16:22:34 WARN  SortBenchmark - No word counts specified on the command line
2021-09-26 16:22:34 INFO  Benchmark_Timer - Begin run: intArraysorter with 100 runs
2021-09-26 16:22:35 INFO  TimeLogger - Raw time per run (mSec):  6.74
2021-09-26 16:22:35 INFO  TimeLogger - Normalized time per run (n log n):  .74
2021-09-26 16:22:35 INFO  Benchmark_Timer - Begin run: integerArraysorter with 100 runs
2021-09-26 16:22:38 INFO  TimeLogger - Raw time per run (mSec):  17.59
2021-09-26 16:22:38 INFO  TimeLogger - Normalized time per run (n log n):  1.93
2021-09-26 16:22:38 INFO  SortBenchmark - Beginning String sorts
2021-09-26 16:22:38 INFO  SortBenchmarkHelper - Testing with words: 2,998 from 3000-common-words.txt
2021-09-26 16:22:38 INFO  SortBenchmark - Testing pure sorts with 5,000 runs of sorting 4,000 words
2021-09-26 16:22:38 DEBUG Config - Config.get(benchmarkstringsorters, puresystemsort) = false
2021-09-26 16:22:38 DEBUG Config - Config.get(benchmarkstringsorters, mergesort) = false
2021-09-26 16:22:38 DEBUG Config - Config.get(benchmarkstringsorters, quicksort3way) = false
2021-09-26 16:22:38 DEBUG Config - Config.get(benchmarkstringsorters, quicksort) = true
2021-09-26 16:22:38 DEBUG Config - Config.get(helper, instrument) = false
2021-09-26 16:22:38 INFO  SorterBenchmark - run: sort 4,000 elements using SorterBenchmark on class java.lang.String from 2,998 total elements and 5,000 runs using sorter: QuickSort dual pivot
2021-09-26 16:22:38 INFO  Benchmark_Timer - Begin run: Helper for QuickSort dual pivot with 4000 elements with 5,000 runs
2021-09-26 16:22:42 INFO  TimeLogger - Raw time per run (mSec):  .79
2021-09-26 16:22:42 INFO  TimeLogger - Normalized time per run (n log n):  3.14
2021-09-26 16:22:42 DEBUG Config - Config.get(benchmarkstringsorters, introsort) = false
2021-09-26 16:22:42 DEBUG Config - Config.get(benchmarkstringsorters, insertionsort) = false
2021-09-26 16:22:42 INFO  SortBenchmarkHelper - Testing with words: 24,017 from zho-simp-tw_web_2014_10K-sentences.txt
2021-09-26 16:22:42 INFO  SortBenchmark - Testing pure sorts with 1,000 runs of sorting 5,000 words
2021-09-26 16:22:42 INFO  SorterBenchmark - run: sort 5,000 elements using SorterBenchmark on class java.lang.String from 24,017 total elements and 1,000 runs using sorter: QuickSort dual pivot
2021-09-26 16:22:42 INFO  Benchmark_Timer - Begin run: Helper for QuickSort dual pivot with 5000 elements with 1,000 runs
2021-09-26 16:22:43 INFO  TimeLogger - Raw time per run (mSec):  .91
2021-09-26 16:22:43 INFO  TimeLogger - Normalized time per run (n log n):  2.80
2021-09-26 16:22:43 INFO  SortBenchmark - Beginning LocalDateTime sorts
2021-09-26 16:22:43 DEBUG Config - Config.get(benchmarkdatesorters, timsort) = false
2021-09-26 18:51:53 INFO  Benchmark_Timer - Begin run: Insertion Sort with 10 runs
2021-09-26 18:51:53 INFO  Benchmark_Timer - Begin run: Insertion Sort with 10 runs
2021-09-26 18:51:53 INFO  Benchmark_Timer - Begin run: Insertion Sort with 10 runs
2021-09-26 18:51:53 INFO  Benchmark_Timer - Begin run: Insertion Sort with 10 runs
2021-09-26 18:51:53 INFO  Benchmark_Timer - Begin run: Insertion Sort with 10 runs
2021-09-26 18:51:53 INFO  Benchmark_Timer - Begin run: Insertion Sort with 10 runs
2021-09-26 18:51:53 INFO  Benchmark_Timer - Begin run: Insertion Sort with 10 runs
2021-09-26 18:51:53 INFO  Benchmark_Timer - Begin run: Insertion Sort with 10 runs
2021-09-26 18:51:53 INFO  Benchmark_Timer - Begin run: Insertion Sort with 10 runs
2021-09-26 18:51:54 INFO  Benchmark_Timer - Begin run: Insertion Sort with 10 runs
2021-09-26 18:51:54 INFO  Benchmark_Timer - Begin run: Insertion Sort with 10 runs
2021-09-26 18:51:54 INFO  Benchmark_Timer - Begin run: Insertion Sort with 10 runs
2021-09-26 18:51:54 INFO  Benchmark_Timer - Begin run: Insertion Sort with 10 runs
2021-09-26 18:51:55 INFO  Benchmark_Timer - Begin run: Insertion Sort with 10 runs
2021-09-26 18:51:55 INFO  Benchmark_Timer - Begin run: Insertion Sort with 10 runs
2021-09-26 18:51:55 INFO  Benchmark_Timer - Begin run: Insertion Sort with 10 runs
2021-09-26 18:54:38 INFO  Benchmark_Timer - Begin run: Insertion Sort with 10 runs
2021-09-26 18:54:38 INFO  Benchmark_Timer - Begin run: Insertion Sort with 10 runs
2021-09-26 18:54:38 INFO  Benchmark_Timer - Begin run: Insertion Sort with 10 runs
2021-09-26 18:54:38 INFO  Benchmark_Timer - Begin run: Insertion Sort with 10 runs
2021-09-26 18:54:38 INFO  Benchmark_Timer - Begin run: Insertion Sort with 10 runs
2021-09-26 18:54:38 INFO  Benchmark_Timer - Begin run: Insertion Sort with 10 runs
2021-09-26 18:54:38 INFO  Benchmark_Timer - Begin run: Insertion Sort with 10 runs
2021-09-26 18:54:38 INFO  Benchmark_Timer - Begin run: Insertion Sort with 10 runs
2021-09-26 18:54:38 INFO  Benchmark_Timer - Begin run: Insertion Sort with 10 runs
2021-09-26 18:54:38 INFO  Benchmark_Timer - Begin run: Insertion Sort with 10 runs
2021-09-26 18:54:38 INFO  Benchmark_Timer - Begin run: Insertion Sort with 10 runs
2021-09-26 18:54:39 INFO  Benchmark_Timer - Begin run: Insertion Sort with 10 runs
2021-09-26 18:54:39 INFO  Benchmark_Timer - Begin run: Insertion Sort with 10 runs
2021-09-26 18:54:40 INFO  Benchmark_Timer - Begin run: Insertion Sort with 10 runs
2021-09-26 18:54:40 INFO  Benchmark_Timer - Begin run: Insertion Sort with 10 runs
2021-09-26 18:54:40 INFO  Benchmark_Timer - Begin run: Insertion Sort with 10 runs
2021-09-26 18:54:42 INFO  Benchmark_Timer - Begin run: Insertion Sort with 10 runs
2021-09-26 18:54:45 INFO  Benchmark_Timer - Begin run: Insertion Sort with 10 runs
2021-09-26 18:54:45 INFO  Benchmark_Timer - Begin run: Insertion Sort with 10 runs
2021-09-26 18:54:47 INFO  Benchmark_Timer - Begin run: Insertion Sort with 10 runs
2021-09-26 18:54:53 INFO  Benchmark_Timer - Begin run: Insertion Sort with 10 runs
2021-09-26 18:55:07 INFO  Benchmark_Timer - Begin run: Insertion Sort with 10 runs
2021-09-26 18:55:07 INFO  Benchmark_Timer - Begin run: Insertion Sort with 10 runs
2021-09-26 18:55:14 INFO  Benchmark_Timer - Begin run: Insertion Sort with 10 runs
2021-09-26 18:56:30 INFO  Benchmark_Timer - Begin run: Insertion Sort with 10 runs
2021-09-26 18:56:31 INFO  Benchmark_Timer - Begin run: Insertion Sort with 10 runs
2021-09-26 18:56:31 INFO  Benchmark_Timer - Begin run: Insertion Sort with 10 runs
2021-09-26 18:56:31 INFO  Benchmark_Timer - Begin run: Insertion Sort with 10 runs
2021-09-26 18:56:31 INFO  Benchmark_Timer - Begin run: Insertion Sort with 10 runs
2021-09-26 18:56:31 INFO  Benchmark_Timer - Begin run: Insertion Sort with 10 runs
2021-09-26 18:56:31 INFO  Benchmark_Timer - Begin run: Insertion Sort with 10 runs
2021-09-26 18:56:31 INFO  Benchmark_Timer - Begin run: Insertion Sort with 10 runs
2021-09-26 18:56:31 INFO  Benchmark_Timer - Begin run: Insertion Sort with 10 runs
2021-09-26 18:56:32 INFO  Benchmark_Timer - Begin run: Insertion Sort with 10 runs
2021-09-26 18:56:32 INFO  Benchmark_Timer - Begin run: Insertion Sort with 10 runs
2021-09-26 18:56:32 INFO  Benchmark_Timer - Begin run: Insertion Sort with 10 runs
2021-09-26 18:56:33 INFO  Benchmark_Timer - Begin run: Insertion Sort with 10 runs
2021-09-26 18:56:35 INFO  Benchmark_Timer - Begin run: Insertion Sort with 10 runs
2021-09-26 18:56:35 INFO  Benchmark_Timer - Begin run: Insertion Sort with 10 runs
2021-09-26 18:56:36 INFO  Benchmark_Timer - Begin run: Insertion Sort with 10 runs
2021-09-26 18:56:39 INFO  Benchmark_Timer - Begin run: Insertion Sort with 10 runs
2021-09-26 18:56:43 INFO  Benchmark_Timer - Begin run: Insertion Sort with 10 runs
2021-09-26 18:56:43 INFO  Benchmark_Timer - Begin run: Insertion Sort with 10 runs
2021-09-26 18:56:45 INFO  Benchmark_Timer - Begin run: Insertion Sort with 10 runs
2021-09-26 18:56:52 INFO  Benchmark_Timer - Begin run: Insertion Sort with 10 runs
2021-09-26 18:57:05 INFO  Benchmark_Timer - Begin run: Insertion Sort with 10 runs
2021-09-26 18:57:05 INFO  Benchmark_Timer - Begin run: Insertion Sort with 10 runs
2021-09-26 18:57:12 INFO  Benchmark_Timer - Begin run: Insertion Sort with 10 runs
2021-09-26 18:58:29 INFO  Benchmark_Timer - Begin run: Insertion Sort with 10 runs
2021-09-26 18:58:29 INFO  Benchmark_Timer - Begin run: Insertion Sort with 10 runs
2021-09-26 18:58:29 INFO  Benchmark_Timer - Begin run: Insertion Sort with 10 runs
2021-09-26 18:58:29 INFO  Benchmark_Timer - Begin run: Insertion Sort with 10 runs
2021-09-26 18:58:29 INFO  Benchmark_Timer - Begin run: Insertion Sort with 10 runs
2021-09-26 18:58:29 INFO  Benchmark_Timer - Begin run: Insertion Sort with 10 runs
2021-09-26 18:58:29 INFO  Benchmark_Timer - Begin run: Insertion Sort with 10 runs
2021-09-26 18:58:29 INFO  Benchmark_Timer - Begin run: Insertion Sort with 10 runs
2021-09-26 18:58:29 INFO  Benchmark_Timer - Begin run: Insertion Sort with 10 runs
2021-09-26 18:58:29 INFO  Benchmark_Timer - Begin run: Insertion Sort with 10 runs
2021-09-26 18:58:29 INFO  Benchmark_Timer - Begin run: Insertion Sort with 10 runs
2021-09-26 18:58:29 INFO  Benchmark_Timer - Begin run: Insertion Sort with 10 runs
2021-09-26 18:58:30 INFO  Benchmark_Timer - Begin run: Insertion Sort with 10 runs
2021-09-26 18:58:30 INFO  Benchmark_Timer - Begin run: Insertion Sort with 10 runs
2021-09-26 18:58:30 INFO  Benchmark_Timer - Begin run: Insertion Sort with 10 runs
2021-09-26 18:58:31 INFO  Benchmark_Timer - Begin run: Insertion Sort with 10 runs
2021-09-26 18:58:32 INFO  Benchmark_Timer - Begin run: Insertion Sort with 10 runs
2021-09-26 18:58:35 INFO  Benchmark_Timer - Begin run: Insertion Sort with 10 runs
2021-09-26 18:58:35 INFO  Benchmark_Timer - Begin run: Insertion Sort with 10 runs
2021-09-26 18:58:37 INFO  Benchmark_Timer - Begin run: Insertion Sort with 10 runs
2021-09-26 18:58:43 INFO  Benchmark_Timer - Begin run: Insertion Sort with 10 runs
2021-09-26 18:58:56 INFO  Benchmark_Timer - Begin run: Insertion Sort with 10 runs
2021-09-26 18:58:56 INFO  Benchmark_Timer - Begin run: Insertion Sort with 10 runs
2021-09-26 18:59:02 INFO  Benchmark_Timer - Begin run: Insertion Sort with 10 runs
